0 info it worked if it ends with ok
1 verbose cli [ '/usr/local/bin/node',
1 verbose cli   '/usr/local/bin/npm',
1 verbose cli   'install',
1 verbose cli   '&&',
1 verbose cli   'pm2',
1 verbose cli   'start',
1 verbose cli   'server.js',
1 verbose cli   '--watch',
1 verbose cli   '--no-daemon' ]
2 info using npm@3.10.3
3 info using node@v6.5.0
4 silly loadCurrentTree Starting
5 silly install loadCurrentTree
6 silly install readLocalPackageData
7 silly fetchPackageMetaData &&
8 silly fetchPackageMetaData pm2
9 silly fetchPackageMetaData start
10 silly fetchPackageMetaData server.js
11 silly fetchOtherPackageData &&
12 silly cache add args [ '&&', null ]
13 verbose cache add spec &&
14 silly fetchNamedPackageData pm2
15 silly mapToRegistry name pm2
16 silly mapToRegistry using default registry
17 silly mapToRegistry registry https://registry.npmjs.org/
18 silly mapToRegistry data Result {
18 silly mapToRegistry   raw: 'pm2',
18 silly mapToRegistry   scope: null,
18 silly mapToRegistry   escapedName: 'pm2',
18 silly mapToRegistry   name: 'pm2',
18 silly mapToRegistry   rawSpec: '',
18 silly mapToRegistry   spec: 'latest',
18 silly mapToRegistry   type: 'tag' }
19 silly mapToRegistry uri https://registry.npmjs.org/pm2
20 silly fetchOtherPackageData start
21 silly cache add args [ 'start', null ]
22 verbose cache add spec start
23 silly fetchOtherPackageData server.js
24 silly cache add args [ 'server.js', null ]
25 verbose cache add spec server.js
26 silly cache add parsed spec Result {
26 silly cache add   raw: '&&',
26 silly cache add   scope: null,
26 silly cache add   escapedName: null,
26 silly cache add   name: null,
26 silly cache add   rawSpec: '&&',
26 silly cache add   spec: '/usr/src/app/&&',
26 silly cache add   type: 'local' }
27 silly cache add parsed spec Result {
27 silly cache add   raw: 'start',
27 silly cache add   scope: null,
27 silly cache add   escapedName: 'start',
27 silly cache add   name: null,
27 silly cache add   rawSpec: 'start',
27 silly cache add   spec: '/usr/src/app/start',
27 silly cache add   type: 'local' }
28 silly cache add parsed spec Result {
28 silly cache add   raw: 'server.js',
28 silly cache add   scope: null,
28 silly cache add   escapedName: 'server.js',
28 silly cache add   name: null,
28 silly cache add   rawSpec: 'server.js',
28 silly cache add   spec: '/usr/src/app/server.js',
28 silly cache add   type: 'local' }
29 error addLocal Could not install /usr/src/app/&&
30 silly fetchPackageMetaData Error: ENOENT: no such file or directory, open '/usr/src/app/&&'
30 silly fetchPackageMetaData     at Error (native)
30 silly fetchPackageMetaData  error for && { Error: ENOENT: no such file or directory, open '/usr/src/app/&&'
30 silly fetchPackageMetaData     at Error (native)
30 silly fetchPackageMetaData   errno: -2,
30 silly fetchPackageMetaData   code: 'ENOENT',
30 silly fetchPackageMetaData   syscall: 'open',
30 silly fetchPackageMetaData   path: '/usr/src/app/&&' }
31 silly addLocalTarball shasum (computed) 36a1c20358ada52f5d54fb0de51613890518e878
32 verbose addTmpTarball /usr/src/app/start not in flight; adding
33 verbose correctMkdir /root/.npm correctMkdir not in flight; initializing
34 silly addLocalTarball shasum (computed) 44a0f2472995795ad4bdb4e852519c14e72b38d5
35 verbose addTmpTarball /usr/src/app/server.js not in flight; adding
36 verbose correctMkdir /root/.npm correctMkdir already in flight; waiting
37 verbose request uri https://registry.npmjs.org/pm2
38 verbose request no auth needed
39 info attempt registry request try #1 at 12:15:52 PM
40 verbose request id 3a9e7d76f8fcda46
41 verbose etag W/"59e73281-91b77"
42 verbose lastModified Wed, 18 Oct 2017 10:52:49 GMT
43 http request GET https://registry.npmjs.org/pm2
44 verbose addTmpTarball validating metadata from /usr/src/app/start
45 verbose tar unpack /usr/src/app/start
46 verbose tar unpacking to /tmp/npm-24-71f71b14/unpack-5dc51f7c
47 verbose addTmpTarball validating metadata from /usr/src/app/server.js
48 verbose tar unpack /usr/src/app/server.js
49 verbose tar unpacking to /tmp/npm-24-71f71b14/unpack-e3c3c5ea
50 silly gentlyRm /tmp/npm-24-71f71b14/unpack-5dc51f7c is being purged
51 verbose gentlyRm don't care about contents; nuking /tmp/npm-24-71f71b14/unpack-5dc51f7c
52 silly gentlyRm /tmp/npm-24-71f71b14/unpack-e3c3c5ea is being purged
53 verbose gentlyRm don't care about contents; nuking /tmp/npm-24-71f71b14/unpack-e3c3c5ea
54 silly gunzTarPerm modes [ '755', '644' ]
55 silly gunzTarPerm modes [ '755', '644' ]
56 error not a package /usr/src/app/start
57 error not a package /usr/src/app/server.js
58 error addLocal Could not install /usr/src/app/start
59 silly fetchPackageMetaData Error: ENOENT: no such file or directory, open '/tmp/npm-24-71f71b14/unpack-5dc51f7c/package.json'
59 silly fetchPackageMetaData     at Error (native)
59 silly fetchPackageMetaData  error for start { Error: ENOENT: no such file or directory, open '/tmp/npm-24-71f71b14/unpack-5dc51f7c/package.json'
59 silly fetchPackageMetaData     at Error (native)
59 silly fetchPackageMetaData   errno: -2,
59 silly fetchPackageMetaData   code: 'ENOENT',
59 silly fetchPackageMetaData   syscall: 'open',
59 silly fetchPackageMetaData   path: '/tmp/npm-24-71f71b14/unpack-5dc51f7c/package.json' }
60 error addLocal Could not install /usr/src/app/server.js
61 silly fetchPackageMetaData Error: ENOENT: no such file or directory, open '/tmp/npm-24-71f71b14/unpack-e3c3c5ea/package.json'
61 silly fetchPackageMetaData     at Error (native)
61 silly fetchPackageMetaData  error for server.js { Error: ENOENT: no such file or directory, open '/tmp/npm-24-71f71b14/unpack-e3c3c5ea/package.json'
61 silly fetchPackageMetaData     at Error (native)
61 silly fetchPackageMetaData   errno: -2,
61 silly fetchPackageMetaData   code: 'ENOENT',
61 silly fetchPackageMetaData   syscall: 'open',
61 silly fetchPackageMetaData   path: '/tmp/npm-24-71f71b14/unpack-e3c3c5ea/package.json' }
62 http 304 https://registry.npmjs.org/pm2
63 verbose headers { date: 'Thu, 19 Oct 2017 12:15:56 GMT',
63 verbose headers   via: '1.1 varnish',
63 verbose headers   'cache-control': 'max-age=300',
63 verbose headers   etag: 'W/"59e73281-91b77"',
63 verbose headers   age: '0',
63 verbose headers   connection: 'keep-alive',
63 verbose headers   'x-served-by': 'cache-sin18022-SIN',
63 verbose headers   'x-cache': 'HIT',
63 verbose headers   'x-cache-hits': '1',
63 verbose headers   'x-timer': 'S1508415356.253537,VS0,VE185',
63 verbose headers   vary: 'Accept-Encoding, Accept' }
64 silly get cb [ 304,
64 silly get   { date: 'Thu, 19 Oct 2017 12:15:56 GMT',
64 silly get     via: '1.1 varnish',
64 silly get     'cache-control': 'max-age=300',
64 silly get     etag: 'W/"59e73281-91b77"',
64 silly get     age: '0',
64 silly get     connection: 'keep-alive',
64 silly get     'x-served-by': 'cache-sin18022-SIN',
64 silly get     'x-cache': 'HIT',
64 silly get     'x-cache-hits': '1',
64 silly get     'x-timer': 'S1508415356.253537,VS0,VE185',
64 silly get     vary: 'Accept-Encoding, Accept' } ]
65 verbose etag https://registry.npmjs.org/pm2 from cache
66 verbose get saving pm2 to /root/.npm/registry.npmjs.org/pm2/.cache.json
67 verbose correctMkdir /root/.npm correctMkdir not in flight; initializing
68 silly rollbackFailedOptional Starting
69 silly rollbackFailedOptional Finishing
70 silly runTopLevelLifecycles Starting
71 silly runTopLevelLifecycles Finishing
72 silly install printInstalled
73 verbose stack Error: ENOENT: no such file or directory, open '/usr/src/app/&&'
73 verbose stack     at Error (native)
74 verbose cwd /usr/src/app
75 error Linux 4.10.0-37-generic
76 error argv "/usr/local/bin/node" "/usr/local/bin/npm" "install" "&&" "pm2" "start" "server.js" "--watch" "--no-daemon"
77 error node v6.5.0
78 error npm  v3.10.3
79 error path /usr/src/app/&&
80 error code ENOENT
81 error errno -2
82 error syscall open
83 error enoent ENOENT: no such file or directory, open '/usr/src/app/&&'
84 error enoent ENOENT: no such file or directory, open '/usr/src/app/&&'
84 error enoent This is most likely not a problem with npm itself
84 error enoent and is related to npm not being able to find a file.
85 verbose exit [ -2, true ]
